2025-05-13T14:45:51.948Z info: Deleting image from Cloudinary: real-estate-listings/1747096157061-477527112
2025-05-13T14:55:31.121Z info: Deleting image from Cloudinary: real-estate-listings/1747096157062-548259258
2025-05-13T14:57:43.197Z info: Deleting image from Cloudinary: real-estate-listings/1747096157061-477527112
2025-05-13T14:58:55.717Z info: Deleting image from Cloudinary: real-estate-listings/1747096157061-477527112
2025-05-13T15:06:39.993Z info: Deleting image from S3: https://congondaku.s3.amazonaws.com/real-estate-listings/1747096157061-477527112.png
2025-05-13T15:07:48.564Z info: Deleting image from S3: https://congondaku.s3.amazonaws.com/real-estate-listings/1747146354892-65003245.avif
2025-05-13T15:07:48.568Z info: Deleting image from S3: https://congondaku.s3.amazonaws.com/real-estate-listings/1747148473688-196018681.jpg
2025-05-15T21:28:11.606Z error: Add listing error:
2025-05-15T21:28:19.909Z error: Add listing error:
2025-05-16T17:39:38.796Z info: Creating temporary listing
2025-05-16T17:39:38.798Z info: Creating temporary listing with data
2025-05-16T17:39:38.875Z info: Temporary listing created successfully
2025-05-16T18:07:02.264Z info: Deleting image from S3: https://congondaku.s3.amazonaws.com/real-estate-listings/1747417178413-669721164.png
2025-05-16T18:07:06.881Z info: Deleting image from S3: https://congondaku.s3.amazonaws.com/real-estate-listings/1747415678446-769197671.png
2025-05-16T18:07:11.391Z info: Deleting image from S3: https://congondaku.s3.amazonaws.com/real-estate-listings/1747415436899-620383119.jpg
2025-05-16T18:07:11.395Z info: Deleting image from S3: https://congondaku.s3.amazonaws.com/real-estate-listings/1747415436900-903252864.jpeg
2025-05-16T18:07:17.575Z info: Deleting image from S3: https://congondaku.s3.amazonaws.com/real-estate-listings/1747415142721-96047358.jpg
2025-05-16T18:07:17.581Z info: Deleting image from S3: https://congondaku.s3.amazonaws.com/real-estate-listings/1747415142727-290924801.png
2025-05-16T18:07:19.862Z info: Deleting image from S3: https://congondaku.s3.amazonaws.com/real-estate-listings/1747344422788-994037714.jpg
2025-05-16T18:07:19.871Z info: Deleting image from S3: https://congondaku.s3.amazonaws.com/real-estate-listings/1747344422795-922785362.jpg
2025-05-16T18:08:32.525Z info: Creating temporary listing
2025-05-16T18:08:32.526Z info: Creating temporary listing with data
2025-05-16T18:08:32.592Z info: Temporary listing created successfully
2025-05-16T19:45:05.685Z info: Creating temporary listing
2025-05-16T19:45:05.687Z info: Creating temporary listing with data
2025-05-16T19:45:05.709Z error: Error creating temporary listing
2025-05-16T20:29:00.078Z info: Deleting image from S3: https://congondaku.s3.amazonaws.com/real-estate-listings/1747418911737-242191428.jpg
2025-05-16T20:30:16.806Z info: Creating temporary listing
2025-05-16T20:30:16.807Z info: Creating temporary listing with data
2025-05-16T20:30:16.893Z info: Temporary listing created successfully
2025-05-16T20:57:50.628Z info: Creating temporary listing
2025-05-16T20:57:50.631Z info: Creating temporary listing with data
2025-05-16T20:57:50.723Z info: Temporary listing created successfully
2025-05-17T19:12:14.366Z info: Payment initialization request received
2025-05-17T19:12:14.368Z error: Payment initialization error: Cast to ObjectId failed for value "demo123" (type string) at path "_id" for model "Listing"
2025-05-17T19:39:44.044Z info: Payment initialization request received
2025-05-17T19:39:44.287Z info: Initializing Maishapay payment
2025-05-17T19:39:44.303Z error: Payment API error: TLS protocol version "TLSv1.2" conflicts with secureProtocol "TLSv1_2_method"
2025-05-17T19:41:47.864Z info: Payment initialization request received
2025-05-17T19:41:48.037Z info: Initializing Maishapay payment
2025-05-17T19:41:48.047Z error: Payment API error: TLS protocol version "TLSv1.2" conflicts with secureProtocol "TLSv1_2_method"
2025-05-17T19:53:23.821Z info: Payment initialization request received
2025-05-17T19:53:24.004Z info: Initializing Maishapay payment
2025-05-17T19:53:24.015Z error: Payment API error: TLS protocol version "TLSv1.2" conflicts with secureProtocol "TLSv1_2_method"
2025-05-17T19:56:29.174Z info: Payment initialization request received
2025-05-17T19:56:29.357Z info: Initializing Maishapay payment
2025-05-17T19:56:30.256Z error: Payment API error: write EPROTO 800C90F001000000:error:0A0000C6:SSL routines:tls_get_more_records:packet length too long:ssl/record/methods/tls_common.c:663:

2025-05-17T20:05:41.822Z info: Payment initialization request received
2025-05-17T20:05:42.004Z info: Initializing Maishapay payment
2025-05-17T20:05:42.150Z error: Payment API error: write EPROTO 800C90F001000000:error:0A0000C6:SSL routines:tls_get_more_records:packet length too long:ssl/record/methods/tls_common.c:663:

2025-05-17T20:08:17.699Z info: Payment initialization request received
2025-05-17T20:08:17.858Z info: Initializing Maishapay payment
2025-05-17T20:08:18.027Z error: Payment API error: write EPROTO 800C90F001000000:error:0A0000C6:SSL routines:tls_get_more_records:packet length too long:ssl/record/methods/tls_common.c:663:

2025-05-17T20:09:01.080Z info: Payment initialization request received
2025-05-17T20:09:01.260Z info: Initializing Maishapay payment
2025-05-17T20:09:01.413Z error: Payment API error: write EPROTO 800C90F001000000:error:0A0000C6:SSL routines:tls_get_more_records:packet length too long:ssl/record/methods/tls_common.c:663:

2025-05-17T20:11:16.721Z info: Payment initialization request received
2025-05-17T20:11:16.906Z info: Initializing Maishapay payment
2025-05-17T20:11:17.052Z error: Payment API error: write EPROTO 800C90F001000000:error:0A0000C6:SSL routines:tls_get_more_records:packet length too long:ssl/record/methods/tls_common.c:663:

2025-05-17T20:12:40.092Z info: Payment initialization request received
2025-05-17T20:12:40.257Z info: Initializing Maishapay payment
2025-05-17T20:12:40.391Z error: Payment API error: write EPROTO 800C90F001000000:error:0A0000C6:SSL routines:tls_get_more_records:packet length too long:ssl/record/methods/tls_common.c:663:

2025-05-17T20:14:46.703Z info: Payment initialization request received
2025-05-17T20:14:46.895Z info: Initializing Maishapay payment
2025-05-17T20:14:47.032Z error: Payment API error: write EPROTO 800C90F001000000:error:0A0000C6:SSL routines:tls_get_more_records:packet length too long:ssl/record/methods/tls_common.c:663:

2025-05-17T20:15:17.841Z info: Payment initialization request received
2025-05-17T20:15:18.016Z info: Initializing Maishapay payment
2025-05-17T20:15:18.154Z error: Payment API error: write EPROTO 800C90F001000000:error:0A0000C6:SSL routines:tls_get_more_records:packet length too long:ssl/record/methods/tls_common.c:663:

2025-05-17T20:15:55.499Z info: Payment initialization request received
2025-05-17T20:15:55.686Z info: Initializing Maishapay payment
2025-05-17T20:15:55.834Z error: Payment API error: write EPROTO 800C90F001000000:error:0A0000C6:SSL routines:tls_get_more_records:packet length too long:ssl/record/methods/tls_common.c:663:

2025-05-17T20:16:33.168Z info: Payment initialization request received
2025-05-17T20:16:33.335Z info: Initializing Maishapay payment
2025-05-17T20:16:33.475Z error: Payment API error: write EPROTO 800C90F001000000:error:0A0000C6:SSL routines:tls_get_more_records:packet length too long:ssl/record/methods/tls_common.c:663:

2025-05-17T20:18:24.282Z info: Payment initialization request received
2025-05-17T20:18:24.468Z info: Initializing Maishapay payment
2025-05-17T20:18:24.607Z error: Payment API error: write EPROTO 800C90F001000000:error:0A0000C6:SSL routines:tls_get_more_records:packet length too long:ssl/record/methods/tls_common.c:663:

2025-05-18T21:03:23.701Z info: Initializing payment with MaishaPay:
2025-05-18T21:03:25.643Z info: MaishaPay response:
2025-05-18T21:05:47.366Z error: Payment gateway status check error:
2025-05-18T21:11:22.064Z info: Initializing payment with MaishaPay:
2025-05-18T21:11:24.015Z info: MaishaPay response:
2025-05-18T21:14:29.739Z info: Initializing payment with MaishaPay:
2025-05-18T21:14:31.666Z info: MaishaPay response:
2025-05-18T21:21:00.212Z info: Initializing payment with MaishaPay:
2025-05-18T21:21:02.315Z info: MaishaPay response:
2025-05-18T21:24:57.954Z error: Payment gateway status check error:
2025-05-18T22:07:33.938Z info: Initializing payment with MaishaPay:
2025-05-18T22:07:36.046Z info: MaishaPay response:
2025-05-18T23:20:32.135Z error: Payment gateway status check error:
2025-05-18T23:21:22.698Z info: Initializing payment with MaishaPay:
2025-05-18T23:21:24.454Z info: MaishaPay response:
2025-05-18T23:27:55.966Z info: Initializing payment with MaishaPay:
2025-05-18T23:27:58.007Z info: MaishaPay response:
2025-05-18T23:27:58.009Z info: Determining payment status from:
2025-05-18T23:27:58.009Z info: Determined payment status:
2025-05-18T23:27:58.133Z info: Updating listing after payment:
2025-05-18T23:27:58.195Z info: Listing activated after payment:
2025-05-18T23:27:58.196Z info: Listing updated to success after payment initialization
2025-05-18T23:32:20.065Z info: Initializing payment with MaishaPay:
2025-05-18T23:32:22.069Z info: MaishaPay response:
2025-05-18T23:32:22.070Z info: Determining payment status from:
2025-05-18T23:32:22.070Z info: Determined payment status:
2025-05-18T23:32:22.194Z info: Updating listing after payment:
2025-05-18T23:32:22.254Z info: Listing activated after payment:
2025-05-18T23:32:22.255Z info: Listing updated to success after payment initialization
2025-05-18T23:53:03.851Z info: Initializing payment with MaishaPay:
2025-05-18T23:53:05.810Z info: MaishaPay response:
2025-05-18T23:53:05.810Z info: Determining payment status from:
2025-05-18T23:53:05.810Z info: Determined payment status:
2025-05-18T23:53:05.942Z info: Updating listing after payment:
2025-05-18T23:53:06.005Z info: Listing activated after payment:
2025-05-18T23:53:06.005Z info: Listing updated to success after payment initialization
2025-05-18T23:53:35.635Z info: Initializing payment with MaishaPay:
2025-05-18T23:53:37.456Z info: MaishaPay response:
2025-05-18T23:53:37.456Z info: Determining payment status from:
2025-05-18T23:53:37.457Z info: Determined payment status:
2025-05-18T23:53:37.566Z info: Updating listing after payment:
2025-05-18T23:53:37.624Z info: Listing activated after payment:
2025-05-18T23:53:37.624Z info: Listing updated to success after payment initialization
2025-05-18T23:53:50.484Z info: Initializing payment with MaishaPay:
2025-05-18T23:53:51.141Z info: MaishaPay response:
2025-05-18T23:53:51.141Z info: Determining payment status from:
2025-05-18T23:53:51.141Z info: Determined payment status:
2025-05-18T23:53:51.250Z info: Updating listing after payment:
2025-05-18T23:53:51.311Z info: Listing activated after payment:
2025-05-18T23:53:51.312Z info: Listing updated to success after payment initialization
2025-05-18T23:53:55.643Z info: Initializing payment with MaishaPay:
2025-05-18T23:53:55.935Z error: Payment initialization error:
2025-05-19T00:07:06.722Z info: Initializing payment with MaishaPay:
2025-05-19T00:07:08.996Z error: Payment initialization error:
2025-05-19T00:07:46.856Z info: Initializing payment with MaishaPay:
2025-05-19T00:07:47.514Z error: Payment initialization error:
2025-05-19T00:07:56.750Z info: Initializing payment with MaishaPay:
2025-05-19T00:07:57.931Z error: Payment initialization error:
2025-05-19T00:10:38.760Z info: Initializing payment with MaishaPay:
2025-05-19T00:10:39.486Z info: MaishaPay response:
2025-05-19T00:10:39.487Z info: Determining payment status from:
2025-05-19T00:10:39.487Z info: Determined payment status:
2025-05-19T00:10:39.614Z info: Updating listing after payment:
2025-05-19T00:10:39.672Z info: Listing activated after payment:
2025-05-19T00:10:39.672Z info: Listing updated to success after payment initialization
2025-05-19T00:10:48.576Z info: Initializing payment with MaishaPay:
2025-05-19T00:10:49.350Z info: MaishaPay response:
2025-05-19T00:10:49.350Z info: Determining payment status from:
2025-05-19T00:10:49.350Z info: Determined payment status:
2025-05-19T00:10:49.461Z info: Updating listing after payment:
2025-05-19T00:10:49.517Z info: Listing activated after payment:
2025-05-19T00:10:49.517Z info: Listing updated to success after payment initialization
2025-05-19T00:11:02.441Z info: Initializing payment with MaishaPay:
2025-05-19T00:11:03.217Z info: MaishaPay response:
2025-05-19T00:11:03.217Z info: Determining payment status from:
2025-05-19T00:11:03.217Z info: Determined payment status:
2025-05-19T00:11:03.328Z info: Updating listing after payment:
2025-05-19T00:11:03.382Z info: Listing activated after payment:
2025-05-19T00:11:03.382Z info: Listing updated to success after payment initialization
2025-05-19T00:23:05.254Z info: Initializing mobile money payment with MaishaPay:
2025-05-19T00:23:07.301Z info: MaishaPay response:
2025-05-19T00:23:07.302Z info: Determining payment status from:
2025-05-19T00:23:07.430Z info: Updating listing after payment:
2025-05-19T00:23:07.495Z info: Listing activated after payment:
2025-05-19T00:25:54.091Z info: Initializing mobile money payment with MaishaPay:
2025-05-19T00:25:54.884Z error: Mobile money payment initialization error:
2025-05-19T00:26:13.949Z info: Initializing mobile money payment with MaishaPay:
2025-05-19T00:26:14.730Z info: MaishaPay response:
2025-05-19T00:26:14.731Z info: Determining payment status from:
2025-05-19T00:26:14.856Z info: Updating listing after payment:
2025-05-19T00:26:14.912Z info: Listing activated after payment:
2025-05-19T00:26:29.062Z info: Initializing mobile money payment with MaishaPay:
2025-05-19T00:26:29.777Z info: MaishaPay response:
2025-05-19T00:26:29.778Z info: Determining payment status from:
2025-05-19T00:26:29.891Z info: Updating listing after payment:
2025-05-19T00:26:29.953Z info: Listing activated after payment:
2025-05-19T00:28:34.708Z info: Initializing card payment with MaishaPay:
2025-05-19T00:28:35.452Z error: Card payment initialization error:
2025-05-19T00:48:04.298Z error: Card payment test error:
2025-05-19T00:50:10.167Z error: Card payment test error:
2025-05-19T00:51:02.188Z info: Initializing mobile money payment with MaishaPay:
2025-05-19T00:51:04.387Z info: MaishaPay response:
2025-05-19T00:51:04.387Z info: Determining payment status from:
2025-05-19T00:51:04.519Z info: Updating listing after payment:
2025-05-19T00:51:04.574Z info: Listing activated after payment:
2025-05-19T00:51:45.366Z info: Initializing card payment with MaishaPay:
2025-05-19T00:51:47.082Z error: Card payment initialization error:
2025-05-19T00:52:48.275Z info: Initializing card payment with MaishaPay:
2025-05-19T00:52:50.161Z error: Card payment initialization error:
2025-05-19T00:57:42.083Z info: Initializing card payment with MaishaPay:
2025-05-19T00:57:43.904Z error: Card payment initialization error:
2025-05-19T00:57:48.386Z info: Initializing mobile money payment with MaishaPay:
2025-05-19T00:57:49.074Z info: MaishaPay response:
2025-05-19T00:57:49.075Z info: Determining payment status from:
2025-05-19T00:57:49.189Z info: Updating listing after payment:
2025-05-19T00:57:49.246Z info: Listing activated after payment:
