2025-05-15T21:28:11.606Z error: Add listing error:
2025-05-15T21:28:19.909Z error: Add listing error:
2025-05-16T19:45:05.709Z error: Error creating temporary listing
2025-05-17T19:12:14.368Z error: Payment initialization error: Cast to ObjectId failed for value "demo123" (type string) at path "_id" for model "Listing"
2025-05-17T19:39:44.303Z error: Payment API error: TLS protocol version "TLSv1.2" conflicts with secureProtocol "TLSv1_2_method"
2025-05-17T19:41:48.047Z error: Payment API error: TLS protocol version "TLSv1.2" conflicts with secureProtocol "TLSv1_2_method"
2025-05-17T19:53:24.015Z error: Payment API error: TLS protocol version "TLSv1.2" conflicts with secureProtocol "TLSv1_2_method"
2025-05-17T19:56:30.256Z error: Payment API error: write EPROTO 800C90F001000000:error:0A0000C6:SSL routines:tls_get_more_records:packet length too long:ssl/record/methods/tls_common.c:663:

2025-05-17T20:05:42.150Z error: Payment API error: write EPROTO 800C90F001000000:error:0A0000C6:SSL routines:tls_get_more_records:packet length too long:ssl/record/methods/tls_common.c:663:

2025-05-17T20:08:18.027Z error: Payment API error: write EPROTO 800C90F001000000:error:0A0000C6:SSL routines:tls_get_more_records:packet length too long:ssl/record/methods/tls_common.c:663:

2025-05-17T20:09:01.413Z error: Payment API error: write EPROTO 800C90F001000000:error:0A0000C6:SSL routines:tls_get_more_records:packet length too long:ssl/record/methods/tls_common.c:663:

2025-05-17T20:11:17.052Z error: Payment API error: write EPROTO 800C90F001000000:error:0A0000C6:SSL routines:tls_get_more_records:packet length too long:ssl/record/methods/tls_common.c:663:

2025-05-17T20:12:40.391Z error: Payment API error: write EPROTO 800C90F001000000:error:0A0000C6:SSL routines:tls_get_more_records:packet length too long:ssl/record/methods/tls_common.c:663:

2025-05-17T20:14:47.032Z error: Payment API error: write EPROTO 800C90F001000000:error:0A0000C6:SSL routines:tls_get_more_records:packet length too long:ssl/record/methods/tls_common.c:663:

2025-05-17T20:15:18.154Z error: Payment API error: write EPROTO 800C90F001000000:error:0A0000C6:SSL routines:tls_get_more_records:packet length too long:ssl/record/methods/tls_common.c:663:

2025-05-17T20:15:55.834Z error: Payment API error: write EPROTO 800C90F001000000:error:0A0000C6:SSL routines:tls_get_more_records:packet length too long:ssl/record/methods/tls_common.c:663:

2025-05-17T20:16:33.475Z error: Payment API error: write EPROTO 800C90F001000000:error:0A0000C6:SSL routines:tls_get_more_records:packet length too long:ssl/record/methods/tls_common.c:663:

2025-05-17T20:18:24.607Z error: Payment API error: write EPROTO 800C90F001000000:error:0A0000C6:SSL routines:tls_get_more_records:packet length too long:ssl/record/methods/tls_common.c:663:

2025-05-18T21:05:47.366Z error: Payment gateway status check error:
2025-05-18T21:24:57.954Z error: Payment gateway status check error:
2025-05-18T23:20:32.135Z error: Payment gateway status check error:
2025-05-18T23:53:55.935Z error: Payment initialization error:
2025-05-19T00:07:08.996Z error: Payment initialization error:
2025-05-19T00:07:47.514Z error: Payment initialization error:
2025-05-19T00:07:57.931Z error: Payment initialization error:
2025-05-19T00:25:54.884Z error: Mobile money payment initialization error:
2025-05-19T00:28:35.452Z error: Card payment initialization error:
2025-05-19T00:48:04.298Z error: Card payment test error:
2025-05-19T00:50:10.167Z error: Card payment test error:
2025-05-19T00:51:47.082Z error: Card payment initialization error:
2025-05-19T00:52:50.161Z error: Card payment initialization error:
2025-05-19T00:57:43.904Z error: Card payment initialization error:
2025-05-19T03:15:48.193Z error: Error creating temporary listing
2025-05-19T07:55:14.479Z error: Mobile money payment initialization error:
2025-05-19T07:55:14.957Z error: Emergency fix error:
